<?xml version="1.0" encoding="UTF-8"?>
<testsuite name="agh.ics.oop.IWorldMapTest" tests="1" skipped="0" failures="0" errors="0" timestamp="2022-11-16T01:33:39" hostname="LAPTOP-I7O61THS" time="0.017">
  <properties/>
  <testcase name="assertPlace()" classname="agh.ics.oop.IWorldMapTest" time="0.017"/>
  <system-out><![CDATA[]]></system-out>
  <system-err><![CDATA[]]></system-err>
</testsuite>
