<?xml version="1.0" encoding="UTF-8"?>
<testsuite name="agh.ics.oop.IWorldMapTest" tests="4" skipped="0" failures="0" errors="0" timestamp="2022-11-22T23:22:57" hostname="LAPTOP-I7O61THS" time="0.028">
  <properties/>
  <testcase name="assertIsOccupied()" classname="agh.ics.oop.IWorldMapTest" time="0.021"/>
  <testcase name="assertObjectAt()" classname="agh.ics.oop.IWorldMapTest" time="0.001"/>
  <testcase name="assertPlace()" classname="agh.ics.oop.IWorldMapTest" time="0.001"/>
  <testcase name="assertCanMoveTo()" classname="agh.ics.oop.IWorldMapTest" time="0.001"/>
  <system-out><![CDATA[]]></system-out>
  <system-err><![CDATA[]]></system-err>
</testsuite>
